  compilation succeeded; see C:\Users\user\source\repos\DX11_EX\Chapter 6 Drawing in Direct3D\Hills\FX\color.fxo
  d3dApp.cpp
  d3dUtil.cpp
  DDSTextureLoader.cpp
  dxerr.cpp
D:\Program Files (x86)\Microsoft SDKs\DirectX\Include\dxgitype.h(12,1): warning C4005: 'DXGI_STATUS_OCCLUDED': macro redefinition
C:\Program Files (x86)\Windows Kits\10\Include\10.0.19041.0\shared\winerror.h(56388): message : see previous definition of 'DXGI_STATUS_OCCLUDED'
D:\Program Files (x86)\Microsoft SDKs\DirectX\Include\dxgitype.h(13,1): warning C4005: 'DXGI_STATUS_CLIPPED': macro redefinition
C:\Program Files (x86)\Windows Kits\10\Include\10.0.19041.0\shared\winerror.h(56397): message : see previous definition of 'DXGI_STATUS_CLIPPED'
D:\Program Files (x86)\Microsoft SDKs\DirectX\Include\dxgitype.h(14,1): warning C4005: 'DXGI_STATUS_NO_REDIRECTION': macro redefinition
C:\Program Files (x86)\Windows Kits\10\Include\10.0.19041.0\shared\winerror.h(56406): message : see previous definition of 'DXGI_STATUS_NO_REDIRECTION'
D:\Program Files (x86)\Microsoft SDKs\DirectX\Include\dxgitype.h(15,1): warning C4005: 'DXGI_STATUS_NO_DESKTOP_ACCESS': macro redefinition
C:\Program Files (x86)\Windows Kits\10\Include\10.0.19041.0\shared\winerror.h(56415): message : see previous definition of 'DXGI_STATUS_NO_DESKTOP_ACCESS'
D:\Program Files (x86)\Microsoft SDKs\DirectX\Include\dxgitype.h(16,1): warning C4005: 'DXGI_STATUS_GRAPHICS_VIDPN_SOURCE_IN_USE': macro redefinition
C:\Program Files (x86)\Windows Kits\10\Include\10.0.19041.0\shared\winerror.h(56424): message : see previous definition of 'DXGI_STATUS_GRAPHICS_VIDPN_SOURCE_IN_USE'
D:\Program Files (x86)\Microsoft SDKs\DirectX\Include\dxgitype.h(17,1): warning C4005: 'DXGI_STATUS_MODE_CHANGED': macro redefinition
C:\Program Files (x86)\Windows Kits\10\Include\10.0.19041.0\shared\winerror.h(56433): message : see previous definition of 'DXGI_STATUS_MODE_CHANGED'
D:\Program Files (x86)\Microsoft SDKs\DirectX\Include\dxgitype.h(18,1): warning C4005: 'DXGI_STATUS_MODE_CHANGE_IN_PROGRESS': macro redefinition
C:\Program Files (x86)\Windows Kits\10\Include\10.0.19041.0\shared\winerror.h(56442): message : see previous definition of 'DXGI_STATUS_MODE_CHANGE_IN_PROGRESS'
D:\Program Files (x86)\Microsoft SDKs\DirectX\Include\dxgitype.h(21,1): warning C4005: 'DXGI_ERROR_INVALID_CALL': macro redefinition
C:\Program Files (x86)\Windows Kits\10\Include\10.0.19041.0\shared\winerror.h(56457): message : see previous definition of 'DXGI_ERROR_INVALID_CALL'
D:\Program Files (x86)\Microsoft SDKs\DirectX\Include\dxgitype.h(22,1): warning C4005: 'DXGI_ERROR_NOT_FOUND': macro redefinition
C:\Program Files (x86)\Windows Kits\10\Include\10.0.19041.0\shared\winerror.h(56466): message : see previous definition of 'DXGI_ERROR_NOT_FOUND'
D:\Program Files (x86)\Microsoft SDKs\DirectX\Include\dxgitype.h(23,1): warning C4005: 'DXGI_ERROR_MORE_DATA': macro redefinition
C:\Program Files (x86)\Windows Kits\10\Include\10.0.19041.0\shared\winerror.h(56475): message : see previous definition of 'DXGI_ERROR_MORE_DATA'
D:\Program Files (x86)\Microsoft SDKs\DirectX\Include\dxgitype.h(24,1): warning C4005: 'DXGI_ERROR_UNSUPPORTED': macro redefinition
C:\Program Files (x86)\Windows Kits\10\Include\10.0.19041.0\shared\winerror.h(56484): message : see previous definition of 'DXGI_ERROR_UNSUPPORTED'
D:\Program Files (x86)\Microsoft SDKs\DirectX\Include\dxgitype.h(25,1): warning C4005: 'DXGI_ERROR_DEVICE_REMOVED': macro redefinition
C:\Program Files (x86)\Windows Kits\10\Include\10.0.19041.0\shared\winerror.h(56493): message : see previous definition of 'DXGI_ERROR_DEVICE_REMOVED'
D:\Program Files (x86)\Microsoft SDKs\DirectX\Include\dxgitype.h(26,1): warning C4005: 'DXGI_ERROR_DEVICE_HUNG': macro redefinition
C:\Program Files (x86)\Windows Kits\10\Include\10.0.19041.0\shared\winerror.h(56502): message : see previous definition of 'DXGI_ERROR_DEVICE_HUNG'
D:\Program Files (x86)\Microsoft SDKs\DirectX\Include\dxgitype.h(27,1): warning C4005: 'DXGI_ERROR_DEVICE_RESET': macro redefinition
C:\Program Files (x86)\Windows Kits\10\Include\10.0.19041.0\shared\winerror.h(56512): message : see previous definition of 'DXGI_ERROR_DEVICE_RESET'
D:\Program Files (x86)\Microsoft SDKs\DirectX\Include\dxgitype.h(28,1): warning C4005: 'DXGI_ERROR_WAS_STILL_DRAWING': macro redefinition
C:\Program Files (x86)\Windows Kits\10\Include\10.0.19041.0\shared\winerror.h(56521): message : see previous definition of 'DXGI_ERROR_WAS_STILL_DRAWING'
D:\Program Files (x86)\Microsoft SDKs\DirectX\Include\dxgitype.h(29,1): warning C4005: 'DXGI_ERROR_FRAME_STATISTICS_DISJOINT': macro redefinition
C:\Program Files (x86)\Windows Kits\10\Include\10.0.19041.0\shared\winerror.h(56531): message : see previous definition of 'DXGI_ERROR_FRAME_STATISTICS_DISJOINT'
D:\Program Files (x86)\Microsoft SDKs\DirectX\Include\dxgitype.h(30,1): warning C4005: 'DXGI_ERROR_GRAPHICS_VIDPN_SOURCE_IN_USE': macro redefinition
C:\Program Files (x86)\Windows Kits\10\Include\10.0.19041.0\shared\winerror.h(56540): message : see previous definition of 'DXGI_ERROR_GRAPHICS_VIDPN_SOURCE_IN_USE'
D:\Program Files (x86)\Microsoft SDKs\DirectX\Include\dxgitype.h(31,1): warning C4005: 'DXGI_ERROR_DRIVER_INTERNAL_ERROR': macro redefinition
C:\Program Files (x86)\Windows Kits\10\Include\10.0.19041.0\shared\winerror.h(56550): message : see previous definition of 'DXGI_ERROR_DRIVER_INTERNAL_ERROR'
D:\Program Files (x86)\Microsoft SDKs\DirectX\Include\dxgitype.h(32,1): warning C4005: 'DXGI_ERROR_NONEXCLUSIVE': macro redefinition
C:\Program Files (x86)\Windows Kits\10\Include\10.0.19041.0\shared\winerror.h(56559): message : see previous definition of 'DXGI_ERROR_NONEXCLUSIVE'
D:\Program Files (x86)\Microsoft SDKs\DirectX\Include\dxgitype.h(33,1): warning C4005: 'DXGI_ERROR_NOT_CURRENTLY_AVAILABLE': macro redefinition
C:\Program Files (x86)\Windows Kits\10\Include\10.0.19041.0\shared\winerror.h(56568): message : see previous definition of 'DXGI_ERROR_NOT_CURRENTLY_AVAILABLE'
D:\Program Files (x86)\Microsoft SDKs\DirectX\Include\dxgitype.h(34,1): warning C4005: 'DXGI_ERROR_REMOTE_CLIENT_DISCONNECTED': macro redefinition
C:\Program Files (x86)\Windows Kits\10\Include\10.0.19041.0\shared\winerror.h(56578): message : see previous definition of 'DXGI_ERROR_REMOTE_CLIENT_DISCONNECTED'
D:\Program Files (x86)\Microsoft SDKs\DirectX\Include\dxgitype.h(35,1): warning C4005: 'DXGI_ERROR_REMOTE_OUTOFMEMORY': macro redefinition
C:\Program Files (x86)\Windows Kits\10\Include\10.0.19041.0\shared\winerror.h(56587): message : see previous definition of 'DXGI_ERROR_REMOTE_OUTOFMEMORY'
D:\Program Files (x86)\Microsoft SDKs\DirectX\Include\d3d10.h(608,1): warning C4005: 'D3D10_ERROR_TOO_MANY_UNIQUE_STATE_OBJECTS': macro redefinition
C:\Program Files (x86)\Windows Kits\10\Include\10.0.19041.0\shared\winerror.h(56841): message : see previous definition of 'D3D10_ERROR_TOO_MANY_UNIQUE_STATE_OBJECTS'
D:\Program Files (x86)\Microsoft SDKs\DirectX\Include\d3d10.h(609,1): warning C4005: 'D3D10_ERROR_FILE_NOT_FOUND': macro redefinition
C:\Program Files (x86)\Windows Kits\10\Include\10.0.19041.0\shared\winerror.h(56850): message : see previous definition of 'D3D10_ERROR_FILE_NOT_FOUND'
C:\Program Files (x86)\Windows Kits\10\Include\10.0.19041.0\shared\dxgi1_2.h(1270,35): error C4430: missing type specifier - int assumed. Note: C++ does not support default-int
C:\Program Files (x86)\Windows Kits\10\Include\10.0.19041.0\shared\dxgi1_2.h(1270,35): error C2143: syntax error: missing ',' before '*'
C:\Program Files (x86)\Windows Kits\10\Include\10.0.19041.0\shared\dxgi1_2.h(1274,20): error C2061: syntax error: identifier 'DXGI_RGBA'
C:\Program Files (x86)\Windows Kits\10\Include\10.0.19041.0\um\d3d11_1.h(2625,27): error C3646: 'ColorSpace': unknown override specifier
C:\Program Files (x86)\Windows Kits\10\Include\10.0.19041.0\um\d3d11_1.h(2625,37): error C4430: missing type specifier - int assumed. Note: C++ does not support default-int
C:\Program Files (x86)\Windows Kits\10\Include\10.0.19041.0\um\d3d11_1.h(2676,19): error C2061: syntax error: identifier 'DXGI_COLOR_SPACE_TYPE'
C:\Program Files (x86)\Windows Kits\10\Include\10.0.19041.0\um\d3d11_1.h(2692,19): error C2061: syntax error: identifier 'DXGI_COLOR_SPACE_TYPE'
C:\Program Files (x86)\Windows Kits\10\Include\10.0.19041.0\um\d3d11_1.h(2704,20): error C2061: syntax error: identifier 'DXGI_COLOR_SPACE_TYPE'
C:\Program Files (x86)\Windows Kits\10\Include\10.0.19041.0\um\d3d11_1.h(2718,19): error C2061: syntax error: identifier 'DXGI_COLOR_SPACE_TYPE'
C:\Program Files (x86)\Windows Kits\10\Include\10.0.19041.0\um\d3d11_1.h(2738,20): error C2061: syntax error: identifier 'DXGI_COLOR_SPACE_TYPE'
C:\Program Files (x86)\Windows Kits\10\Include\10.0.19041.0\um\d3d11_1.h(3876,19): error C2061: syntax error: identifier 'DXGI_COLOR_SPACE_TYPE'
C:\Program Files (x86)\Windows Kits\10\Include\10.0.19041.0\um\d3d11_1.h(3892,19): error C2061: syntax error: identifier 'DXGI_COLOR_SPACE_TYPE'
C:\Program Files (x86)\Windows Kits\10\Include\10.0.19041.0\um\d3d11_1.h(4243,19): error C2061: syntax error: identifier 'DXGI_COLOR_SPACE_TYPE'
C:\Program Files (x86)\Windows Kits\10\Include\10.0.19041.0\um\wincodec.h(1053,23): error C3646: 'PixelFormat': unknown override specifier
C:\Program Files (x86)\Windows Kits\10\Include\10.0.19041.0\um\wincodec.h(1053,34): error C4430: missing type specifier - int assumed. Note: C++ does not support default-int
C:\Program Files (x86)\Windows Kits\10\Include\10.0.19041.0\um\wincodec.h(8173,36): error C2061: syntax error: identifier 'DXGI_JPEG_AC_HUFFMAN_TABLE'
C:\Program Files (x86)\Windows Kits\10\Include\10.0.19041.0\um\wincodec.h(8178,36): error C2061: syntax error: identifier 'DXGI_JPEG_DC_HUFFMAN_TABLE'
C:\Program Files (x86)\Windows Kits\10\Include\10.0.19041.0\um\wincodec.h(8183,36): error C2061: syntax error: identifier 'DXGI_JPEG_QUANTIZATION_TABLE'
C:\Program Files (x86)\Windows Kits\10\Include\10.0.19041.0\um\wincodec.h(8362,36): error C2061: syntax error: identifier 'DXGI_JPEG_AC_HUFFMAN_TABLE'
C:\Program Files (x86)\Windows Kits\10\Include\10.0.19041.0\um\wincodec.h(8367,36): error C2061: syntax error: identifier 'DXGI_JPEG_DC_HUFFMAN_TABLE'
C:\Program Files (x86)\Windows Kits\10\Include\10.0.19041.0\um\wincodec.h(8372,36): error C2061: syntax error: identifier 'DXGI_JPEG_QUANTIZATION_TABLE'
D:\Program Files (x86)\Microsoft SDKs\DirectX\Include\d2derr.h(59,1): warning C4005: 'D2DERR_WRONG_STATE': macro redefinition
C:\Program Files (x86)\Windows Kits\10\Include\10.0.19041.0\shared\winerror.h(56930): message : see previous definition of 'D2DERR_WRONG_STATE'
D:\Program Files (x86)\Microsoft SDKs\DirectX\Include\d2derr.h(64,1): warning C4005: 'D2DERR_NOT_INITIALIZED': macro redefinition
C:\Program Files (x86)\Windows Kits\10\Include\10.0.19041.0\shared\winerror.h(56939): message : see previous definition of 'D2DERR_NOT_INITIALIZED'
D:\Program Files (x86)\Microsoft SDKs\DirectX\Include\d2derr.h(69,1): warning C4005: 'D2DERR_UNSUPPORTED_OPERATION': macro redefinition
C:\Program Files (x86)\Windows Kits\10\Include\10.0.19041.0\shared\winerror.h(56948): message : see previous definition of 'D2DERR_UNSUPPORTED_OPERATION'
D:\Program Files (x86)\Microsoft SDKs\DirectX\Include\d2derr.h(74,1): warning C4005: 'D2DERR_SCANNER_FAILED': macro redefinition
C:\Program Files (x86)\Windows Kits\10\Include\10.0.19041.0\shared\winerror.h(56957): message : see previous definition of 'D2DERR_SCANNER_FAILED'
D:\Program Files (x86)\Microsoft SDKs\DirectX\Include\d2derr.h(79,1): warning C4005: 'D2DERR_SCREEN_ACCESS_DENIED': macro redefinition
C:\Program Files (x86)\Windows Kits\10\Include\10.0.19041.0\shared\winerror.h(56966): message : see previous definition of 'D2DERR_SCREEN_ACCESS_DENIED'
D:\Program Files (x86)\Microsoft SDKs\DirectX\Include\d2derr.h(84,1): warning C4005: 'D2DERR_DISPLAY_STATE_INVALID': macro redefinition
C:\Program Files (x86)\Windows Kits\10\Include\10.0.19041.0\shared\winerror.h(56975): message : see previous definition of 'D2DERR_DISPLAY_STATE_INVALID'
D:\Program Files (x86)\Microsoft SDKs\DirectX\Include\d2derr.h(89,1): warning C4005: 'D2DERR_ZERO_VECTOR': macro redefinition
C:\Program Files (x86)\Windows Kits\10\Include\10.0.19041.0\shared\winerror.h(56984): message : see previous definition of 'D2DERR_ZERO_VECTOR'
D:\Program Files (x86)\Microsoft SDKs\DirectX\Include\d2derr.h(97,1): warning C4005: 'D2DERR_INTERNAL_ERROR': macro redefinition
C:\Program Files (x86)\Windows Kits\10\Include\10.0.19041.0\shared\winerror.h(56993): message : see previous definition of 'D2DERR_INTERNAL_ERROR'
D:\Program Files (x86)\Microsoft SDKs\DirectX\Include\d2derr.h(103,1): warning C4005: 'D2DERR_DISPLAY_FORMAT_NOT_SUPPORTED': macro redefinition
C:\Program Files (x86)\Windows Kits\10\Include\10.0.19041.0\shared\winerror.h(57002): message : see previous definition of 'D2DERR_DISPLAY_FORMAT_NOT_SUPPORTED'
D:\Program Files (x86)\Microsoft SDKs\DirectX\Include\d2derr.h(108,1): warning C4005: 'D2DERR_INVALID_CALL': macro redefinition
C:\Program Files (x86)\Windows Kits\10\Include\10.0.19041.0\shared\winerror.h(57011): message : see previous definition of 'D2DERR_INVALID_CALL'
D:\Program Files (x86)\Microsoft SDKs\DirectX\Include\d2derr.h(113,1): warning C4005: 'D2DERR_NO_HARDWARE_DEVICE': macro redefinition
C:\Program Files (x86)\Windows Kits\10\Include\10.0.19041.0\shared\winerror.h(57020): message : see previous definition of 'D2DERR_NO_HARDWARE_DEVICE'
D:\Program Files (x86)\Microsoft SDKs\DirectX\Include\d2derr.h(119,1): warning C4005: 'D2DERR_RECREATE_TARGET': macro redefinition
C:\Program Files (x86)\Windows Kits\10\Include\10.0.19041.0\shared\winerror.h(57029): message : see previous definition of 'D2DERR_RECREATE_TARGET'
D:\Program Files (x86)\Microsoft SDKs\DirectX\Include\d2derr.h(124,1): warning C4005: 'D2DERR_TOO_MANY_SHADER_ELEMENTS': macro redefinition
C:\Program Files (x86)\Windows Kits\10\Include\10.0.19041.0\shared\winerror.h(57038): message : see previous definition of 'D2DERR_TOO_MANY_SHADER_ELEMENTS'
D:\Program Files (x86)\Microsoft SDKs\DirectX\Include\d2derr.h(129,1): warning C4005: 'D2DERR_SHADER_COMPILE_FAILED': macro redefinition
C:\Program Files (x86)\Windows Kits\10\Include\10.0.19041.0\shared\winerror.h(57047): message : see previous definition of 'D2DERR_SHADER_COMPILE_FAILED'
D:\Program Files (x86)\Microsoft SDKs\DirectX\Include\d2derr.h(134,1): warning C4005: 'D2DERR_MAX_TEXTURE_SIZE_EXCEEDED': macro redefinition
C:\Program Files (x86)\Windows Kits\10\Include\10.0.19041.0\shared\winerror.h(57056): message : see previous definition of 'D2DERR_MAX_TEXTURE_SIZE_EXCEEDED'
D:\Program Files (x86)\Microsoft SDKs\DirectX\Include\d2derr.h(139,1): warning C4005: 'D2DERR_UNSUPPORTED_VERSION': macro redefinition
C:\Program Files (x86)\Windows Kits\10\Include\10.0.19041.0\shared\winerror.h(57065): message : see previous definition of 'D2DERR_UNSUPPORTED_VERSION'
D:\Program Files (x86)\Microsoft SDKs\DirectX\Include\d2derr.h(144,1): warning C4005: 'D2DERR_BAD_NUMBER': macro redefinition
C:\Program Files (x86)\Windows Kits\10\Include\10.0.19041.0\shared\winerror.h(57074): message : see previous definition of 'D2DERR_BAD_NUMBER'
D:\Program Files (x86)\Microsoft SDKs\DirectX\Include\d2derr.h(149,1): warning C4005: 'D2DERR_WRONG_FACTORY': macro redefinition
C:\Program Files (x86)\Windows Kits\10\Include\10.0.19041.0\shared\winerror.h(57083): message : see previous definition of 'D2DERR_WRONG_FACTORY'
D:\Program Files (x86)\Microsoft SDKs\DirectX\Include\d2derr.h(154,1): warning C4005: 'D2DERR_LAYER_ALREADY_IN_USE': macro redefinition
C:\Program Files (x86)\Windows Kits\10\Include\10.0.19041.0\shared\winerror.h(57092): message : see previous definition of 'D2DERR_LAYER_ALREADY_IN_USE'
D:\Program Files (x86)\Microsoft SDKs\DirectX\Include\d2derr.h(159,1): warning C4005: 'D2DERR_POP_CALL_DID_NOT_MATCH_PUSH': macro redefinition
C:\Program Files (x86)\Windows Kits\10\Include\10.0.19041.0\shared\winerror.h(57101): message : see previous definition of 'D2DERR_POP_CALL_DID_NOT_MATCH_PUSH'
D:\Program Files (x86)\Microsoft SDKs\DirectX\Include\d2derr.h(164,1): warning C4005: 'D2DERR_WRONG_RESOURCE_DOMAIN': macro redefinition
C:\Program Files (x86)\Windows Kits\10\Include\10.0.19041.0\shared\winerror.h(57110): message : see previous definition of 'D2DERR_WRONG_RESOURCE_DOMAIN'
D:\Program Files (x86)\Microsoft SDKs\DirectX\Include\d2derr.h(169,1): warning C4005: 'D2DERR_PUSH_POP_UNBALANCED': macro redefinition
C:\Program Files (x86)\Windows Kits\10\Include\10.0.19041.0\shared\winerror.h(57119): message : see previous definition of 'D2DERR_PUSH_POP_UNBALANCED'
D:\Program Files (x86)\Microsoft SDKs\DirectX\Include\d2derr.h(174,1): warning C4005: 'D2DERR_RENDER_TARGET_HAS_LAYER_OR_CLIPRECT': macro redefinition
C:\Program Files (x86)\Windows Kits\10\Include\10.0.19041.0\shared\winerror.h(57128): message : see previous definition of 'D2DERR_RENDER_TARGET_HAS_LAYER_OR_CLIPRECT'
D:\Program Files (x86)\Microsoft SDKs\DirectX\Include\d2derr.h(179,1): warning C4005: 'D2DERR_INCOMPATIBLE_BRUSH_TYPES': macro redefinition
C:\Program Files (x86)\Windows Kits\10\Include\10.0.19041.0\shared\winerror.h(57137): message : see previous definition of 'D2DERR_INCOMPATIBLE_BRUSH_TYPES'
D:\Program Files (x86)\Microsoft SDKs\DirectX\Include\d2derr.h(184,1): warning C4005: 'D2DERR_WIN32_ERROR': macro redefinition
C:\Program Files (x86)\Windows Kits\10\Include\10.0.19041.0\shared\winerror.h(57146): message : see previous definition of 'D2DERR_WIN32_ERROR'
D:\Program Files (x86)\Microsoft SDKs\DirectX\Include\d2derr.h(189,1): warning C4005: 'D2DERR_TARGET_NOT_GDI_COMPATIBLE': macro redefinition
C:\Program Files (x86)\Windows Kits\10\Include\10.0.19041.0\shared\winerror.h(57155): message : see previous definition of 'D2DERR_TARGET_NOT_GDI_COMPATIBLE'
D:\Program Files (x86)\Microsoft SDKs\DirectX\Include\d2derr.h(194,1): warning C4005: 'D2DERR_TEXT_EFFECT_IS_WRONG_TYPE': macro redefinition
C:\Program Files (x86)\Windows Kits\10\Include\10.0.19041.0\shared\winerror.h(57164): message : see previous definition of 'D2DERR_TEXT_EFFECT_IS_WRONG_TYPE'
D:\Program Files (x86)\Microsoft SDKs\DirectX\Include\d2derr.h(201,1): warning C4005: 'D2DERR_TEXT_RENDERER_NOT_RELEASED': macro redefinition
C:\Program Files (x86)\Windows Kits\10\Include\10.0.19041.0\shared\winerror.h(57173): message : see previous definition of 'D2DERR_TEXT_RENDERER_NOT_RELEASED'
D:\Program Files (x86)\Microsoft SDKs\DirectX\Include\d2derr.h(206,1): warning C4005: 'D2DERR_EXCEEDS_MAX_BITMAP_SIZE': macro redefinition
C:\Program Files (x86)\Windows Kits\10\Include\10.0.19041.0\shared\winerror.h(57182): message : see previous definition of 'D2DERR_EXCEEDS_MAX_BITMAP_SIZE'
D:\Program Files (x86)\Microsoft SDKs\DirectX\Include\dwrite.h(4962,1): warning C4005: 'DWRITE_E_FILEFORMAT': macro redefinition
C:\Program Files (x86)\Windows Kits\10\Include\10.0.19041.0\shared\winerror.h(57349): message : see previous definition of 'DWRITE_E_FILEFORMAT'
D:\Program Files (x86)\Microsoft SDKs\DirectX\Include\dwrite.h(4967,1): warning C4005: 'DWRITE_E_UNEXPECTED': macro redefinition
C:\Program Files (x86)\Windows Kits\10\Include\10.0.19041.0\shared\winerror.h(57358): message : see previous definition of 'DWRITE_E_UNEXPECTED'
D:\Program Files (x86)\Microsoft SDKs\DirectX\Include\dwrite.h(4972,1): warning C4005: 'DWRITE_E_NOFONT': macro redefinition
C:\Program Files (x86)\Windows Kits\10\Include\10.0.19041.0\shared\winerror.h(57367): message : see previous definition of 'DWRITE_E_NOFONT'
D:\Program Files (x86)\Microsoft SDKs\DirectX\Include\dwrite.h(4978,1): warning C4005: 'DWRITE_E_FILENOTFOUND': macro redefinition
C:\Program Files (x86)\Windows Kits\10\Include\10.0.19041.0\shared\winerror.h(57376): message : see previous definition of 'DWRITE_E_FILENOTFOUND'
D:\Program Files (x86)\Microsoft SDKs\DirectX\Include\dwrite.h(4983,1): warning C4005: 'DWRITE_E_FILEACCESS': macro redefinition
C:\Program Files (x86)\Windows Kits\10\Include\10.0.19041.0\shared\winerror.h(57385): message : see previous definition of 'DWRITE_E_FILEACCESS'
D:\Program Files (x86)\Microsoft SDKs\DirectX\Include\dwrite.h(4988,1): warning C4005: 'DWRITE_E_FONTCOLLECTIONOBSOLETE': macro redefinition
C:\Program Files (x86)\Windows Kits\10\Include\10.0.19041.0\shared\winerror.h(57394): message : see previous definition of 'DWRITE_E_FONTCOLLECTIONOBSOLETE'
D:\Program Files (x86)\Microsoft SDKs\DirectX\Include\dwrite.h(4993,1): warning C4005: 'DWRITE_E_ALREADYREGISTERED': macro redefinition
C:\Program Files (x86)\Windows Kits\10\Include\10.0.19041.0\shared\winerror.h(57403): message : see previous definition of 'DWRITE_E_ALREADYREGISTERED'
  GameTimer.cpp
  GeometryGenerator.cpp
  MathHelper.cpp
  HillsDemo.cpp
  Generating Code...
